<?xml version="1.0" encoding="UTF-8"?>
<!-- Generated by org.testng.reporters.JUnitReportReporter -->
<testsuite hostname="LAPTOP-8J5S5LH1" failures="0" tests="1" name="FWBPrac.validateNavigationBar" time="22.938" errors="0" timestamp="17 Nov 2021 11:34:19 GMT" skipped="0">
  <testcase classname="FWBPrac.validateNavigationBar" name="validationOfNavigationBar" time="22.938"/>
</testsuite> <!-- FWBPrac.validateNavigationBar -->
