<?xml version="1.0" encoding="UTF-8"?>
<!-- Generated by org.testng.reporters.JUnitReportReporter -->
<testsuite hostname="LAPTOP-8J5S5LH1" failures="0" tests="1" name="FWBPrac.validateNavigationBar" time="19.802" errors="0" timestamp="16 Nov 2021 12:09:02 GMT" skipped="0">
  <testcase classname="FWBPrac.validateNavigationBar" name="validationOfNavigationBar" time="19.802"/>
</testsuite> <!-- FWBPrac.validateNavigationBar -->
