<?xml version="1.0" encoding="UTF-8"?>
<!-- Generated by org.testng.reporters.JUnitReportReporter -->
<testsuite hostname="LAPTOP-8J5S5LH1" failures="0" tests="2" name="FWBPrac.HomePage" time="50.252" errors="0" timestamp="16 Nov 2021 12:09:02 GMT" skipped="0">
  <testcase classname="FWBPrac.HomePage" name="loginFunctionalitycheck" time="26.264"/>
  <testcase classname="FWBPrac.HomePage" name="loginFunctionalitycheck" time="23.988"/>
</testsuite> <!-- FWBPrac.HomePage -->
