<?xml version="1.0" encoding="UTF-8"?>
<!-- Generated by org.testng.reporters.JUnitReportReporter -->
<testsuite hostname="LAPTOP-8J5S5LH1" failures="0" tests="2" name="FWBPrac.HomePage" time="37.420" errors="0" timestamp="16 Nov 2021 12:15:45 GMT" skipped="0">
  <testcase classname="FWBPrac.HomePage" name="loginFunctionalitycheck" time="23.316"/>
  <testcase classname="FWBPrac.HomePage" name="loginFunctionalitycheck" time="14.104"/>
</testsuite> <!-- FWBPrac.HomePage -->
